2023-04-10 19:48:56.257 - DBeaver 22.3.0.202212041619 is starting
2023-04-10 19:48:56.257 - OS: Windows 10 10.0 (amd64)
2023-04-10 19:48:56.257 - Java version: 11.0.12 by Eclipse Foundation (64bit)
2023-04-10 19:48:56.257 - Install path: 'C:\Users\Filip\AppData\Local\DBeaver'
2023-04-10 19:48:56.257 - Instance path: 'file:/C:/Users/Filip/Documents/Edunova-2022/'
2023-04-10 19:48:56.257 - Memory available 64Mb/1024Mb
2023-04-10 19:48:56.272 - Create display
2023-04-10 19:48:56.460 - Initializing DBeaver 22.3.0
2023-04-10 19:48:56.460 - Host plugin: org.jkiss.dbeaver.ui.app.standalone 22.3.0.202212041619
2023-04-10 19:48:56.460 - Initialize desktop platform...
2023-04-10 19:48:56.678 - BounceCastle bundle found. Use JCE provider BC
> Start Core File Systems [org.eclipse.core.filesystem 1.9.500.v20220817-1539]
> Start Core Resource Management [org.eclipse.core.resources 3.18.0.v20220828-0546]
> Start Team Support Core [org.eclipse.team.core 3.9.500.v20220817-1539]
> Start DBeaver UI Navigator [org.jkiss.dbeaver.ui.navigator 1.0.95.202212041619]
2023-04-10 19:48:57.070 - Initialize base platform...
> Start Expression Language [org.eclipse.core.expressions 3.8.200.v20220613-1047]
2023-04-10 19:48:57.117 - Platform initialized (657ms)
> Start DBeaver UI Editors - Base [org.jkiss.dbeaver.ui.editors.base 1.0.95.202212041619]
2023-04-10 19:48:57.132 - Starting RMI server at 26249
2023-04-10 19:48:57.304 - Run workbench
> Start Eclipse e4 Workbench SWT [org.eclipse.e4.ui.workbench.swt 0.16.600.v20220607-1204]
> Start Eclipse Application Services [org.eclipse.e4.core.services 2.3.300.v20220613-1047]
> Start Eclipse UI Application Services [org.eclipse.e4.ui.services 1.5.0.v20210115-1333]
> Start Eclipse e4 Progress View [org.eclipse.e4.ui.progress 0.3.500.v20220717-1456]
> Start EMF XML/XMI Persistence [org.eclipse.emf.ecore.xmi 2.17.0.v20220817-1334]
> Start Eclipse CSS SWT Theme Support [org.eclipse.e4.ui.css.swt.theme 0.13.100.v20220310-1056]
> Start Eclipse e4 Workbench Add-ons [org.eclipse.e4.ui.workbench.addons.swt 1.4.400.v20211102-0453]
> Start Eclipse e4 Workbench SWT Renderer [org.eclipse.e4.ui.workbench.renderers.swt 0.15.600.v20220715-1400]
> Start Eclipse Bindings Support [org.eclipse.e4.ui.bindings 0.13.100.v20210722-1426]
> Start Eclipse Dependency Injection Extensions [org.eclipse.e4.core.di.extensions 0.17.200.v20220613-1008]
> Start Eclipse CSS SWT Support [org.eclipse.e4.ui.css.swt 0.14.600.v20220621-1327]
> Start DBeaver UI [org.jkiss.dbeaver.ui 5.1.110.202212041619]
2023-04-10 19:48:59.651 - Configure workbench window
> Start Help System Core [org.eclipse.help 3.9.100.v20210721-0601]
2023-04-10 19:48:59.761 - Create actions
2023-04-10 19:48:59.776 - Disable Eclipse action set 'org.eclipse.ui.edit.text.actionSet.annotationNavigation'
2023-04-10 19:48:59.776 - Disable Eclipse action set 'org.eclipse.ui.WorkingSetActionSet'
2023-04-10 19:48:59.776 - Disable Eclipse action set 'org.eclipse.ui.actionSet.openFiles'
2023-04-10 19:49:00.418 - Initialize workbench window
2023-04-10 19:49:00.418 - Finish initialization
> Start Default Text Editor [org.eclipse.ui.editors 3.14.400.v20220730-1844]
> Start Text Editor Framework [org.eclipse.ui.workbench.texteditor 3.16.600.v20220809-1658]
> Start DBeaver UI Editors - Data [org.jkiss.dbeaver.ui.editors.data 1.0.95.202212041619]
> Start Equinox Java Authentication and Authorization Service (JAAS) [org.eclipse.equinox.security 1.3.1000.v20220801-1135]
> Start Internet Connection Management UI [org.eclipse.ui.net 1.4.100.v20220812-1406]
> Start Internet Connection Management [org.eclipse.core.net 1.4.0.v20220813-1037]
> Start DBeaver Sample Database [org.jkiss.dbeaver.ext.sample.database 1.0.132.202212041619]
> Start DBeaver Tip of the day [org.jkiss.dbeaver.ext.ui.tipoftheday 1.0.101.202212041619]
> Start DBeaver SQL Model [org.jkiss.dbeaver.model.sql 1.0.85.202212041619]
> Start DBeaver UI Editors - SQL [org.jkiss.dbeaver.ui.editors.sql 1.0.95.202212041619]
> Start Draw2d [org.eclipse.draw2dl 3.12.100.20221014131737]
> Start GEF3 GEF (MVC) [org.eclipse.gef3 3.12.100.20221014131737]
> Start DBeaver ERD UI [org.jkiss.dbeaver.erd.ui 3.0.55.202212041619]
> Start DBeaver ERD Model [org.jkiss.dbeaver.erd.model 1.0.55.202212041619]
2023-04-10 19:49:02.670 - Total database drivers: 101 (101)
2023-04-10 19:49:02.874 - Connect with 'localhost' (mariaDB-184a5e31dc5-43427f82758bb6ab)
> Start DBeaver MySQL Support [org.jkiss.dbeaver.ext.mysql 2.1.180.202212041619]
2023-04-10 19:49:02.920 - Execution context opened (localhost; Main; 0)
> Start DBeaver GIS Support [org.jkiss.dbeaver.data.gis 1.0.119.202212041619]
2023-04-10 19:49:03.052 - Execution context opened (localhost; Metadata; 1)
2023-04-10 19:49:03.270 - Connected (mariaDB-184a5e31dc5-43427f82758bb6ab, MariaDB Connector/J [3.0.7])
> Start ICU4J Base [com.ibm.icu.base 58.2.0.v20170418-1837]
> Start DBeaver MySQL UI Support [org.jkiss.dbeaver.ext.mysql.ui 1.0.87.202212041619]
2023-04-10 19:49:05.065 - Open [https://dbeaver.io/product/version.xml]
2023-04-10 19:49:10.134 - Downloading installation file to C:\Users\Filip\AppData\Local\Temp\dbeaver-ce-latest-x86_64-setup.exe1942193008586372802\dbeaver-ce-latest-x86_64-setup.exe
2023-04-10 19:49:10.134 - Open [https://dbeaver.io/files/dbeaver-ce-latest-x86_64-setup.exe]
2023-04-10 19:51:24.889 - DBeaver is stopping
2023-04-10 19:51:24.891 - Stop RMI server
2023-04-10 19:51:24.900 - RMI controller has been stopped
2023-04-10 19:51:24.901 - DBeaver shutdown completed
